<?xml version="1.0" encoding="UTF-8"?>
<!-- Generated by org.testng.reporters.JUnitReportReporter -->
<testsuite hostname="Rajesh-PC" name="com.flip.testcases.FlipTest" tests="1" failures="0" timestamp="24 Dec 2019 18:02:30 GMT" time="27.854" errors="0">
  <testcase name="flipkartTest" time="27.854" classname="com.flip.testcases.FlipTest"/>
</testsuite> <!-- com.flip.testcases.FlipTest -->
