<?xml version="1.0" encoding="UTF-8"?>
<!-- Generated by org.testng.reporters.JUnitReportReporter -->
<testsuite hostname="Rajesh-PC" name="com.flip.testcases.AmazonTest" tests="1" failures="0" timestamp="24 Dec 2019 17:02:38 GMT" time="23.926" errors="0">
  <testcase name="amazonTest" time="23.926" classname="com.flip.testcases.AmazonTest"/>
</testsuite> <!-- com.flip.testcases.AmazonTest -->
